[debug] [2024-05-01T01:36:21.651Z] ----------------------------------------------------------------------
[debug] [2024-05-01T01:36:21.652Z] Command:       C:\Program Files\nodejs\node.exe C:\Users\DIEGO\AppData\Roaming\npm\node_modules\firebase-tools\lib\bin\firebase.js init hosting
[debug] [2024-05-01T01:36:21.652Z] CLI Version:   13.7.5
[debug] [2024-05-01T01:36:21.653Z] Platform:      win32
[debug] [2024-05-01T01:36:21.653Z] Node Version:  v20.12.0
[debug] [2024-05-01T01:36:21.653Z] Time:          Tue Apr 30 2024 20:36:21 GMT-0500 (hora estándar de Perú)
[debug] [2024-05-01T01:36:21.653Z] ----------------------------------------------------------------------
[debug] 
[debug] [2024-05-01T01:36:21.701Z] > command requires scopes: ["email","openid","https://www.googleapis.com/auth/cloudplatformprojects.readonly","https://www.googleapis.com/auth/firebase","https://www.googleapis.com/auth/cloud-platform"]
[debug] [2024-05-01T01:36:21.701Z] > authorizing via signed-in user (diego0204.hm2@gmail.com)
[info] 
     ######## #### ########  ######## ########     ###     ######  ########
     ##        ##  ##     ## ##       ##     ##  ##   ##  ##       ##
     ######    ##  ########  ######   ########  #########  ######  ######
     ##        ##  ##    ##  ##       ##     ## ##     ##       ## ##
     ##       #### ##     ## ######## ########  ##     ##  ######  ########

You're about to initialize a Firebase project in this directory:

  E:\EasyFood

Before we get started, keep in mind:

  * You are initializing within an existing Firebase project directory

[info] 
=== Project Setup
[info] 
[info] First, let's associate this project directory with a Firebase project.
[info] You can create multiple project aliases by running firebase use --add, 
[info] but for now we'll just set up a default project.
[info] 
[info] i  If you want to create a project in a Google Cloud organization or folder, please use "firebase projects:create" instead, and return to this command when you've created the project. 
[debug] [2024-05-01T01:36:42.740Z] >>> [apiv2][query] POST https://cloudresourcemanager.googleapis.com/v1/projects [none]
[debug] [2024-05-01T01:36:42.740Z] >>> [apiv2][body] POST https://cloudresourcemanager.googleapis.com/v1/projects {"projectId":"easyfoodgroupcuatro","name":"easyfood"}
[debug] [2024-05-01T01:36:43.382Z] <<< [apiv2][status] POST https://cloudresourcemanager.googleapis.com/v1/projects 200
[debug] [2024-05-01T01:36:43.382Z] <<< [apiv2][body] POST https://cloudresourcemanager.googleapis.com/v1/projects {"name":"operations/cp.7834398717483845758"}
[debug] [2024-05-01T01:36:43.383Z] >>> [apiv2][query] GET https://cloudresourcemanager.googleapis.com/v1/operations/cp.7834398717483845758 [none]
[debug] [2024-05-01T01:36:43.794Z] <<< [apiv2][status] GET https://cloudresourcemanager.googleapis.com/v1/operations/cp.7834398717483845758 200
[debug] [2024-05-01T01:36:43.794Z] <<< [apiv2][body] GET https://cloudresourcemanager.googleapis.com/v1/operations/cp.7834398717483845758 {"name":"operations/cp.7834398717483845758"}
[debug] [2024-05-01T01:36:44.302Z] [Project Creation Poller] Retrying task index 0
[debug] [2024-05-01T01:36:44.302Z] >>> [apiv2][query] GET https://cloudresourcemanager.googleapis.com/v1/operations/cp.7834398717483845758 [none]
[debug] [2024-05-01T01:36:44.660Z] <<< [apiv2][status] GET https://cloudresourcemanager.googleapis.com/v1/operations/cp.7834398717483845758 200
[debug] [2024-05-01T01:36:44.660Z] <<< [apiv2][body] GET https://cloudresourcemanager.googleapis.com/v1/operations/cp.7834398717483845758 {"name":"operations/cp.7834398717483845758"}
[debug] [2024-05-01T01:36:45.671Z] [Project Creation Poller] Retrying task index 0
[debug] [2024-05-01T01:36:45.671Z] >>> [apiv2][query] GET https://cloudresourcemanager.googleapis.com/v1/operations/cp.7834398717483845758 [none]
[debug] [2024-05-01T01:36:46.274Z] <<< [apiv2][status] GET https://cloudresourcemanager.googleapis.com/v1/operations/cp.7834398717483845758 200
[debug] [2024-05-01T01:36:46.274Z] <<< [apiv2][body] GET https://cloudresourcemanager.googleapis.com/v1/operations/cp.7834398717483845758 {"name":"operations/cp.7834398717483845758","metadata":{"@type":"type.googleapis.com/google.cloudresourcemanager.v1.ProjectCreationStatus","gettable":true}}
[debug] [2024-05-01T01:36:48.287Z] [Project Creation Poller] Retrying task index 0
[debug] [2024-05-01T01:36:48.288Z] >>> [apiv2][query] GET https://cloudresourcemanager.googleapis.com/v1/operations/cp.7834398717483845758 [none]
[debug] [2024-05-01T01:36:48.771Z] <<< [apiv2][status] GET https://cloudresourcemanager.googleapis.com/v1/operations/cp.7834398717483845758 200
[debug] [2024-05-01T01:36:48.771Z] <<< [apiv2][body] GET https://cloudresourcemanager.googleapis.com/v1/operations/cp.7834398717483845758 {"name":"operations/cp.7834398717483845758","metadata":{"@type":"type.googleapis.com/google.cloudresourcemanager.v1.ProjectCreationStatus","gettable":true,"ready":true},"done":true,"response":{"@type":"type.googleapis.com/google.cloudresourcemanager.v1.Project","projectNumber":"737284494911","projectId":"easyfoodgroupcuatro","lifecycleState":"ACTIVE","name":"easyfood","createTime":"2024-05-01T01:36:45.413075Z"}}
[debug] [2024-05-01T01:36:48.772Z] >>> [apiv2][query] POST https://firebase.googleapis.com/v1beta1/projects/easyfoodgroupcuatro:addFirebase [none]
[debug] [2024-05-01T01:36:49.747Z] <<< [apiv2][status] POST https://firebase.googleapis.com/v1beta1/projects/easyfoodgroupcuatro:addFirebase 403
[debug] [2024-05-01T01:36:49.747Z] <<< [apiv2][body] POST https://firebase.googleapis.com/v1beta1/projects/easyfoodgroupcuatro:addFirebase {"error":{"code":403,"message":"The caller does not have permission","status":"PERMISSION_DENIED"}}
[debug] [2024-05-01T01:36:49.747Z] HTTP Error: 403, The caller does not have permission
[debug] [2024-05-01T01:36:49.748Z] FirebaseError: HTTP Error: 403, The caller does not have permission
    at responseToError (C:\Users\DIEGO\AppData\Roaming\npm\node_modules\firebase-tools\lib\responseToError.js:49:12)
    at RetryOperation._fn (C:\Users\DIEGO\AppData\Roaming\npm\node_modules\firebase-tools\lib\apiv2.js:299:77)
    at process.processTicksAndRejections (node:internal/process/task_queues:95:5)
[error] 
[error] Error: Failed to add Firebase to Google Cloud Platform project. See firebase-debug.log for more info.
